<?xml version="1.0" encoding="UTF-8"?>
<!-- Generated by org.testng.reporters.JUnitXMLReporter -->
<testsuite ignored="12" hostname="PriscillaSelvin" failures="0" tests="8" name="Test" time="60.352" errors="0" timestamp="2025-05-13T08:52:55 EDT">
  <testcase classname="TeestClasses.LoginTest" name="executeLoginTest" time="6.868"/>
  <testcase classname="TeestClasses.RegisterPatientTest" name="addPatient" time="23.718"/>
  <testcase classname="TeestClasses.appointmentTest" name="createAppointment" time="10.074"/>
  <testcase classname="TeestClasses.startvisitTest" name="createVisit" time="3.724"/>
  <testcase classname="TeestClasses.AddPatVitalsTest" name="addPatVitals" time="2.319"/>
  <testcase classname="TeestClasses.conditionsTest" name="executeConditions" time="5.094"/>
  <testcase classname="TeestClasses.exitvisitTest" name="endVisit" time="6.55"/>
  <testcase classname="TeestClasses.Extent_Report" name="demoTest" time="0.023"/>
  <testcase classname="utilities.BaseClass" name="@BeforeSuite openBrowser" time="0.0">
    <ignored/>
  </testcase> <!-- @BeforeSuite openBrowser -->
  <testcase classname="utilities.BaseClass" name="@AfterSuite closeBrowser" time="0.0">
    <ignored/>
  </testcase> <!-- @AfterSuite closeBrowser -->
  <testcase classname="utilities.BaseClass" name="@AfterSuite closeBrowser" time="0.0">
    <ignored/>
  </testcase> <!-- @AfterSuite closeBrowser -->
  <testcase classname="utilities.BaseClass" name="@AfterSuite closeBrowser" time="0.0">
    <ignored/>
  </testcase> <!-- @AfterSuite closeBrowser -->
  <testcase classname="utilities.BaseClass" name="@BeforeSuite openBrowser" time="0.0">
    <ignored/>
  </testcase> <!-- @BeforeSuite openBrowser -->
  <testcase classname="utilities.BaseClass" name="@AfterSuite closeBrowser" time="0.0">
    <ignored/>
  </testcase> <!-- @AfterSuite closeBrowser -->
  <testcase classname="utilities.BaseClass" name="@BeforeSuite openBrowser" time="0.0">
    <ignored/>
  </testcase> <!-- @BeforeSuite openBrowser -->
  <testcase classname="utilities.BaseClass" name="@BeforeSuite openBrowser" time="0.0">
    <ignored/>
  </testcase> <!-- @BeforeSuite openBrowser -->
  <testcase classname="utilities.BaseClass" name="@BeforeSuite openBrowser" time="0.0">
    <ignored/>
  </testcase> <!-- @BeforeSuite openBrowser -->
  <testcase classname="utilities.BaseClass" name="@AfterSuite closeBrowser" time="0.0">
    <ignored/>
  </testcase> <!-- @AfterSuite closeBrowser -->
  <testcase classname="utilities.BaseClass" name="@BeforeSuite openBrowser" time="0.0">
    <ignored/>
  </testcase> <!-- @BeforeSuite openBrowser -->
  <testcase classname="utilities.BaseClass" name="@AfterSuite closeBrowser" time="0.0">
    <ignored/>
  </testcase> <!-- @AfterSuite closeBrowser -->
</testsuite> <!-- Test -->
