<?xml version="1.0" encoding="UTF-8"?>
<!-- Generated by org.testng.reporters.JUnitXMLReporter -->
<testsuite ignored="12" hostname="PriscillaSelvin" failures="0" tests="8" name="Test" time="58.751" errors="0" timestamp="2025-05-14T18:53:46 EDT">
  <testcase classname="TeestClasses.LoginTest" name="executeLoginTest" time="6.106"/>
  <testcase classname="TeestClasses.RegisterPatientTest" name="addPatient" time="22.702"/>
  <testcase classname="TeestClasses.appointmentTest" name="createAppointment" time="10.077"/>
  <testcase classname="TeestClasses.startvisitTest" name="createVisit" time="3.671"/>
  <testcase classname="TeestClasses.AddPatVitalsTest" name="addPatVitals" time="1.698"/>
  <testcase classname="TeestClasses.conditionsTest" name="executeConditions" time="5.14"/>
  <testcase classname="TeestClasses.exitvisitTest" name="endVisit" time="6.429"/>
  <testcase classname="TeestClasses.Extent_Report" name="demoTest" time="0.021"/>
  <testcase classname="utilities.BaseClass" name="@BeforeSuite openBrowser" time="0.0">
    <ignored/>
  </testcase> <!-- @BeforeSuite openBrowser -->
  <testcase classname="utilities.BaseClass" name="@AfterSuite closeBrowser" time="0.0">
    <ignored/>
  </testcase> <!-- @AfterSuite closeBrowser -->
  <testcase classname="utilities.BaseClass" name="@AfterSuite closeBrowser" time="0.0">
    <ignored/>
  </testcase> <!-- @AfterSuite closeBrowser -->
  <testcase classname="utilities.BaseClass" name="@AfterSuite closeBrowser" time="0.0">
    <ignored/>
  </testcase> <!-- @AfterSuite closeBrowser -->
  <testcase classname="utilities.BaseClass" name="@BeforeSuite openBrowser" time="0.0">
    <ignored/>
  </testcase> <!-- @BeforeSuite openBrowser -->
  <testcase classname="utilities.BaseClass" name="@AfterSuite closeBrowser" time="0.0">
    <ignored/>
  </testcase> <!-- @AfterSuite closeBrowser -->
  <testcase classname="utilities.BaseClass" name="@BeforeSuite openBrowser" time="0.0">
    <ignored/>
  </testcase> <!-- @BeforeSuite openBrowser -->
  <testcase classname="utilities.BaseClass" name="@BeforeSuite openBrowser" time="0.0">
    <ignored/>
  </testcase> <!-- @BeforeSuite openBrowser -->
  <testcase classname="utilities.BaseClass" name="@BeforeSuite openBrowser" time="0.0">
    <ignored/>
  </testcase> <!-- @BeforeSuite openBrowser -->
  <testcase classname="utilities.BaseClass" name="@AfterSuite closeBrowser" time="0.0">
    <ignored/>
  </testcase> <!-- @AfterSuite closeBrowser -->
  <testcase classname="utilities.BaseClass" name="@BeforeSuite openBrowser" time="0.0">
    <ignored/>
  </testcase> <!-- @BeforeSuite openBrowser -->
  <testcase classname="utilities.BaseClass" name="@AfterSuite closeBrowser" time="0.0">
    <ignored/>
  </testcase> <!-- @AfterSuite closeBrowser -->
</testsuite> <!-- Test -->
